<?xml version="1.0" encoding="UTF-8"?>
<!-- Generated by org.testng.reporters.JUnitReportReporter -->
<testsuite hostname="USMGX466H2" name="com.newtours.tests.BookFlightTest" tests="20" failures="0" timestamp="21 Dec 2019 13:51:35 GMT" time="205.261" errors="0">
  <testcase name="registrationPage" time="32.140" classname="com.newtours.tests.BookFlightTest"/>
  <testcase name="registrationPage" time="40.850" classname="com.newtours.tests.BookFlightTest"/>
  <testcase name="registrationConfirmationPage" time="1.878" classname="com.newtours.tests.BookFlightTest"/>
  <testcase name="flightConfirmationPage" time="2.142" classname="com.newtours.tests.BookFlightTest"/>
  <testcase name="registrationPage" time="35.251" classname="com.newtours.tests.BookFlightTest"/>
  <testcase name="registrationConfirmationPage" time="2.764" classname="com.newtours.tests.BookFlightTest"/>
  <testcase name="findFlightPage" time="4.333" classname="com.newtours.tests.BookFlightTest"/>
  <testcase name="registrationConfirmationPage" time="3.058" classname="com.newtours.tests.BookFlightTest"/>
  <testcase name="flightConfirmationPage" time="3.912" classname="com.newtours.tests.BookFlightTest"/>
  <testcase name="flightDetailsPage" time="2.321" classname="com.newtours.tests.BookFlightTest"/>
  <testcase name="findFlightPage" time="3.874" classname="com.newtours.tests.BookFlightTest"/>
  <testcase name="flightDetailsPage" time="3.251" classname="com.newtours.tests.BookFlightTest"/>
  <testcase name="flightConfirmationPage" time="2.230" classname="com.newtours.tests.BookFlightTest"/>
  <testcase name="flightDetailsPage" time="4.449" classname="com.newtours.tests.BookFlightTest"/>
  <testcase name="flightConfirmationPage" time="7.033" classname="com.newtours.tests.BookFlightTest"/>
  <testcase name="registrationPage" time="34.746" classname="com.newtours.tests.BookFlightTest"/>
  <testcase name="flightDetailsPage" time="3.282" classname="com.newtours.tests.BookFlightTest"/>
  <testcase name="findFlightPage" time="6.730" classname="com.newtours.tests.BookFlightTest"/>
  <testcase name="registrationConfirmationPage" time="1.348" classname="com.newtours.tests.BookFlightTest"/>
  <testcase name="findFlightPage" time="9.669" classname="com.newtours.tests.BookFlightTest"/>
</testsuite> <!-- com.newtours.tests.BookFlightTest -->
